Log file open, 04/04/18 09:52:08
LogWindows: Failed to load 'aqProf.dll' (GetLastError=126)
LogWindows: File 'aqProf.dll' does not exist
LogWindows: Failed to load 'VtuneApi.dll' (GetLastError=126)
LogWindows: File 'VtuneApi.dll' does not exist
LogWindows: Failed to load 'VtuneApi32e.dll' (GetLastError=126)
LogWindows: File 'VtuneApi32e.dll' does not exist
LogInit: Display: Running engine for game: DnD
LogPlatformFile: Not using cached read wrapper
LogInit: Display: RandInit(-72222476) SRandInit(-72222476).
LogInit: Read version file with build ID '3944462'
LogInit: Overriding engine version to CL 3944462, compatible CL 3944462
LogInit: Registered custom module enumerator with build ID '3944462'
LogTaskGraph: Started task graph with 5 named threads and 11 total threads with 3 sets of task threads.
LogStats: Stats thread started at 0.281937
LogD3D11RHI: Aftermath initialized
LogICUInternationalization: Display: ICU TimeZone Detection - Raw Offset: -8:00, Platform Override: ''
LogModuleManager: Display: Found up-to-date module file ../../../Engine/Plugins/2D/Paper2D/Binaries/Win64/UE4Editor-Paper2D.dll (API version 3944462).
LogModuleManager: Display: Found up-to-date module file ../../../Engine/Plugins/2D/Paper2D/Binaries/Win64/UE4Editor-Paper2DEditor.dll (API version 3944462).
LogModuleManager: Display: Found up-to-date module file ../../../Engine/Plugins/2D/Paper2D/Binaries/Win64/UE4Editor-PaperSpriteSheetImporter.dll (API version 3944462).
LogModuleManager: Display: Found up-to-date module file ../../../Engine/Plugins/2D/Paper2D/Binaries/Win64/UE4Editor-PaperTiledImporter.dll (API version 3944462).
LogModuleManager: Display: Found up-to-date module file ../../../Engine/Plugins/2D/Paper2D/Binaries/Win64/UE4Editor-SmartSnapping.dll (API version 3944462).
LogModuleManager: Display: Found up-to-date module file ../../../Engine/Plugins/Blendables/LightPropagationVolume/Binaries/Win64/UE4Editor-LightPropagationVolumeRuntime.dll (API version 3944462).
LogModuleManager: Display: Found up-to-date module file ../../../Engine/Plugins/Blendables/LightPropagationVolume/Binaries/Win64/UE4Editor-LightPropagationVolumeEditor.dll (API version 3944462).
LogModuleManager: Display: Found up-to-date module file ../../../Engine/Plugins/Developer/CLionSourceCodeAccess/Binaries/Win64/UE4Editor-CLionSourceCodeAccess.dll (API version 3944462).
LogModuleManager: Display: Found up-to-date module file ../../../Engine/Plugins/Developer/GitSourceControl/Binaries/Win64/UE4Editor-GitSourceControl.dll (API version 3944462).
LogModuleManager: Display: Found up-to-date module file ../../../Engine/Plugins/Developer/PerforceSourceControl/Binaries/Win64/UE4Editor-PerforceSourceControl.dll (API version 3944462).
LogModuleManager: Display: Found up-to-date module file ../../../Engine/Plugins/Developer/SubversionSourceControl/Binaries/Win64/UE4Editor-SubversionSourceControl.dll (API version 3944462).
LogModuleManager: Display: Found up-to-date module file ../../../Engine/Plugins/Developer/UObjectPlugin/Binaries/Win64/UE4Editor-UObjectPlugin.dll (API version 3944462).
LogModuleManager: Display: Found up-to-date module file ../../../Engine/Plugins/Developer/VisualStudioCodeSourceCodeAccess/Binaries/Win64/UE4Editor-VisualStudioCodeSourceCodeAccess.dll (API version 3944462).
LogModuleManager: Display: Found up-to-date module file ../../../Engine/Plugins/Developer/VisualStudioSourceCodeAccess/Binaries/Win64/UE4Editor-VisualStudioSourceCodeAccess.dll (API version 3944462).
LogModuleManager: Display: Found up-to-date module file ../../../Engine/Plugins/Editor/AssetManagerEditor/Binaries/Win64/UE4Editor-AssetManagerEditor.dll (API version 3944462).
LogModuleManager: Display: Found up-to-date module file ../../../Engine/Plugins/Editor/CryptoKeys/Binaries/Win64/UE4Editor-CryptoKeys.dll (API version 3944462).
LogModuleManager: Display: Found up-to-date module file ../../../Engine/Plugins/Editor/CryptoKeys/Binaries/Win64/UE4Editor-CryptoKeysOpenSSL.dll (API version 3944462).
LogModuleManager: Display: Found up-to-date module file ../../../Engine/Plugins/Editor/DataValidation/Binaries/Win64/UE4Editor-DataValidation.dll (API version 3944462).
LogModuleManager: Display: Found up-to-date module file ../../../Engine/Plugins/Editor/FacialAnimation/Binaries/Win64/UE4Editor-FacialAnimation.dll (API version 3944462).
LogModuleManager: Display: Found up-to-date module file ../../../Engine/Plugins/Editor/FacialAnimation/Binaries/Win64/UE4Editor-FacialAnimationEditor.dll (API version 3944462).
LogModuleManager: Display: Found up-to-date module file ../../../Engine/Plugins/Editor/GameplayTagsEditor/Binaries/Win64/UE4Editor-GameplayTagsEditor.dll (API version 3944462).
LogModuleManager: Display: Found up-to-date module file ../../../Engine/Plugins/Editor/MobileLauncherProfileWizard/Binaries/Win64/UE4Editor-MobileLauncherProfileWizard.dll (API version 3944462).
LogModuleManager: Display: Found up-to-date module file ../../../Engine/Plugins/Editor/PluginBrowser/Binaries/Win64/UE4Editor-PluginBrowser.dll (API version 3944462).
LogModuleManager: Display: Found up-to-date module file ../../../Engine/Plugins/Editor/SpeedTreeImporter/Binaries/Win64/UE4Editor-SpeedTreeImporter.dll (API version 3944462).
LogModuleManager: Display: Found up-to-date module file ../../../Engine/Plugins/Enterprise/DatasmithContent/Binaries/Win64/UE4Editor-DatasmithContent.dll (API version 3944462).
LogModuleManager: Display: Found up-to-date module file ../../../Engine/Plugins/Experimental/AlembicImporter/Binaries/Win64/UE4Editor-AlembicImporter.dll (API version 3944462).
LogModuleManager: Display: Found up-to-date module file ../../../Engine/Plugins/Experimental/AlembicImporter/Binaries/Win64/UE4Editor-AlembicLibrary.dll (API version 3944462).
LogModuleManager: Display: Found up-to-date module file ../../../Engine/Plugins/Experimental/CharacterAI/Binaries/Win64/UE4Editor-CharacterAI.dll (API version 3944462).
LogModuleManager: Display: Found up-to-date module file ../../../Engine/Plugins/Experimental/HTML5Networking/Binaries/Win64/UE4Editor-HTML5Networking.dll (API version 3944462).
LogModuleManager: Display: Found up-to-date module file ../../../Engine/Plugins/Media/AndroidMedia/Binaries/Win64/UE4Editor-AndroidMediaEditor.dll (API version 3944462).
LogModuleManager: Display: Found up-to-date module file ../../../Engine/Plugins/Media/AndroidMedia/Binaries/Win64/UE4Editor-AndroidMediaFactory.dll (API version 3944462).
LogModuleManager: Display: Found up-to-date module file ../../../Engine/Plugins/Media/AvfMedia/Binaries/Win64/UE4Editor-AvfMediaEditor.dll (API version 3944462).
LogModuleManager: Display: Found up-to-date module file ../../../Engine/Plugins/Media/AvfMedia/Binaries/Win64/UE4Editor-AvfMediaFactory.dll (API version 3944462).
LogModuleManager: Display: Found up-to-date module file ../../../Engine/Plugins/Media/AvfMedia/Binaries/Win64/UE4Editor-AvfMediaFactory.dll (API version 3944462).
LogModuleManager: Display: Found up-to-date module file ../../../Engine/Plugins/Media/ImgMedia/Binaries/Win64/UE4Editor-ImgMedia.dll (API version 3944462).
LogModuleManager: Display: Found up-to-date module file ../../../Engine/Plugins/Media/ImgMedia/Binaries/Win64/UE4Editor-ImgMediaEditor.dll (API version 3944462).
LogModuleManager: Display: Found up-to-date module file ../../../Engine/Plugins/Media/ImgMedia/Binaries/Win64/UE4Editor-ImgMediaFactory.dll (API version 3944462).
LogModuleManager: Display: Found up-to-date module file ../../../Engine/Plugins/Media/ImgMedia/Binaries/Win64/UE4Editor-ImgMediaFactory.dll (API version 3944462).
LogModuleManager: Display: Found up-to-date module file ../../../Engine/Plugins/Media/ImgMedia/Binaries/Win64/UE4Editor-OpenExrWrapper.dll (API version 3944462).
LogModuleManager: Display: Found up-to-date module file ../../../Engine/Plugins/Media/LinearTimecode/Binaries/Win64/UE4Editor-LinearTimecode.dll (API version 3944462).
LogModuleManager: Display: Found up-to-date module file ../../../Engine/Plugins/Media/MediaCompositing/Binaries/Win64/UE4Editor-MediaCompositing.dll (API version 3944462).
LogModuleManager: Display: Found up-to-date module file ../../../Engine/Plugins/Media/MediaCompositing/Binaries/Win64/UE4Editor-MediaCompositingEditor.dll (API version 3944462).
LogModuleManager: Display: Found up-to-date module file ../../../Engine/Plugins/Media/MediaPlayerEditor/Binaries/Win64/UE4Editor-MediaPlayerEditor.dll (API version 3944462).
LogModuleManager: Display: Found up-to-date module file ../../../Engine/Plugins/Media/WmfMedia/Binaries/Win64/UE4Editor-WmfMedia.dll (API version 3944462).
LogModuleManager: Display: Found up-to-date module file ../../../Engine/Plugins/Media/WmfMedia/Binaries/Win64/UE4Editor-WmfMediaEditor.dll (API version 3944462).
LogModuleManager: Display: Found up-to-date module file ../../../Engine/Plugins/Media/WmfMedia/Binaries/Win64/UE4Editor-WmfMediaFactory.dll (API version 3944462).
LogModuleManager: Display: Found up-to-date module file ../../../Engine/Plugins/Media/WmfMedia/Binaries/Win64/UE4Editor-WmfMediaFactory.dll (API version 3944462).
LogModuleManager: Display: Found up-to-date module file ../../../Engine/Plugins/Messaging/TcpMessaging/Binaries/Win64/UE4Editor-TcpMessaging.dll (API version 3944462).
LogModuleManager: Display: Found up-to-date module file ../../../Engine/Plugins/Messaging/UdpMessaging/Binaries/Win64/UE4Editor-UdpMessaging.dll (API version 3944462).
LogModuleManager: Display: Found up-to-date module file ../../../Engine/Plugins/MovieScene/ActorSequence/Binaries/Win64/UE4Editor-ActorSequence.dll (API version 3944462).
LogModuleManager: Display: Found up-to-date module file ../../../Engine/Plugins/MovieScene/LevelSequenceEditor/Binaries/Win64/UE4Editor-LevelSequenceEditor.dll (API version 3944462).
LogModuleManager: Display: Found up-to-date module file ../../../Engine/Plugins/MovieScene/MatineeToLevelSequence/Binaries/Win64/UE4Editor-MatineeToLevelSequence.dll (API version 3944462).
LogModuleManager: Display: Found up-to-date module file ../../../Engine/Plugins/NetcodeUnitTest/NetcodeUnitTest/Binaries/Win64/UE4Editor-NetcodeUnitTest.dll (API version 3944462).
LogModuleManager: Display: Found up-to-date module file ../../../Engine/Plugins/NetcodeUnitTest/NUTUnrealEngine4/Binaries/Win64/UE4Editor-NUTUnrealEngine4.dll (API version 3944462).
LogModuleManager: Display: Found up-to-date module file ../../../Engine/Plugins/Online/OnlineSubsystem/Binaries/Win64/UE4Editor-OnlineSubsystem.dll (API version 3944462).
LogModuleManager: Display: Found up-to-date module file ../../../Engine/Plugins/Runtime/AndroidPermission/Binaries/Win64/UE4Editor-AndroidPermission.dll (API version 3944462).
LogModuleManager: Display: Found up-to-date module file ../../../Engine/Plugins/Online/OnlineSubsystemNull/Binaries/Win64/UE4Editor-OnlineSubsystemNull.dll (API version 3944462).
LogModuleManager: Display: Found up-to-date module file ../../../Engine/Plugins/Online/OnlineSubsystemUtils/Binaries/Win64/UE4Editor-OnlineSubsystemUtils.dll (API version 3944462).
LogModuleManager: Display: Found up-to-date module file ../../../Engine/Plugins/Online/OnlineSubsystemUtils/Binaries/Win64/UE4Editor-OnlineBlueprintSupport.dll (API version 3944462).
LogModuleManager: Display: Found up-to-date module file ../../../Engine/Plugins/Runtime/AndroidDeviceProfileSelector/Binaries/Win64/UE4Editor-AndroidDeviceProfileSelector.dll (API version 3944462).
LogModuleManager: Display: Found up-to-date module file ../../../Engine/Plugins/Runtime/AppleARKit/Binaries/Win64/UE4Editor-AppleARKit.dll (API version 3944462).
LogModuleManager: Display: Found up-to-date module file ../../../Engine/Plugins/Runtime/ProceduralMeshComponent/Binaries/Win64/UE4Editor-ProceduralMeshComponent.dll (API version 3944462).
LogModuleManager: Display: Found up-to-date module file ../../../Engine/Plugins/Runtime/ProceduralMeshComponent/Binaries/Win64/UE4Editor-ProceduralMeshComponentEditor.dll (API version 3944462).
LogModuleManager: Display: Found up-to-date module file ../../../Engine/Plugins/Animation/LiveLink/Binaries/Win64/UE4Editor-LiveLink.dll (API version 3944462).
LogModuleManager: Display: Found up-to-date module file ../../../Engine/Plugins/Animation/LiveLink/Binaries/Win64/UE4Editor-LiveLinkEditor.dll (API version 3944462).
LogModuleManager: Display: Found up-to-date module file ../../../Engine/Plugins/Runtime/ArchVisCharacter/Binaries/Win64/UE4Editor-ArchVisCharacter.dll (API version 3944462).
LogModuleManager: Display: Found up-to-date module file ../../../Engine/Plugins/Runtime/AudioCapture/Binaries/Win64/UE4Editor-AudioCapture.dll (API version 3944462).
LogModuleManager: Display: Found up-to-date module file ../../../Engine/Plugins/Runtime/AudioCapture/Binaries/Win64/UE4Editor-AudioCaptureEditor.dll (API version 3944462).
LogModuleManager: Display: Found up-to-date module file ../../../Engine/Plugins/Runtime/CableComponent/Binaries/Win64/UE4Editor-CableComponent.dll (API version 3944462).
LogModuleManager: Display: Found up-to-date module file ../../../Engine/Plugins/Runtime/CustomMeshComponent/Binaries/Win64/UE4Editor-CustomMeshComponent.dll (API version 3944462).
LogModuleManager: Display: Found up-to-date module file ../../../Engine/Plugins/Runtime/ExampleDeviceProfileSelector/Binaries/Win64/UE4Editor-ExampleDeviceProfileSelector.dll (API version 3944462).
LogModuleManager: Display: Found up-to-date module file ../../../Engine/Plugins/Runtime/ImmediatePhysics/Binaries/Win64/UE4Editor-ImmediatePhysics.dll (API version 3944462).
LogModuleManager: Display: Found up-to-date module file ../../../Engine/Plugins/Runtime/ImmediatePhysics/Binaries/Win64/UE4Editor-ImmediatePhysicsEditor.dll (API version 3944462).
LogModuleManager: Display: Found up-to-date module file ../../../Engine/Plugins/Runtime/LocationServicesBPLibrary/Binaries/Win64/UE4Editor-LocationServicesBPLibrary.dll (API version 3944462).
LogModuleManager: Display: Found up-to-date module file ../../../Engine/Plugins/Runtime/MobilePatchingUtils/Binaries/Win64/UE4Editor-MobilePatchingUtils.dll (API version 3944462).
LogModuleManager: Display: Found up-to-date module file ../../../Engine/Plugins/Runtime/Oculus/OculusVR/Binaries/Win64/UE4Editor-OculusHMD.dll (API version 3944462).
LogModuleManager: Display: Found up-to-date module file ../../../Engine/Plugins/Runtime/Oculus/OculusVR/Binaries/Win64/UE4Editor-OculusInput.dll (API version 3944462).
LogModuleManager: Display: Found up-to-date module file ../../../Engine/Plugins/Runtime/Oculus/OculusVR/Binaries/Win64/UE4Editor-OculusEditor.dll (API version 3944462).
LogModuleManager: Display: Found up-to-date module file ../../../Engine/Plugins/Runtime/PhysXVehicles/Binaries/Win64/UE4Editor-PhysXVehicles.dll (API version 3944462).
LogModuleManager: Display: Found up-to-date module file ../../../Engine/Plugins/Runtime/PhysXVehicles/Binaries/Win64/UE4Editor-PhysXVehiclesEditor.dll (API version 3944462).
LogModuleManager: Display: Found up-to-date module file ../../../Engine/Plugins/Runtime/RuntimePhysXCooking/Binaries/Win64/UE4Editor-RuntimePhysXCooking.dll (API version 3944462).
LogModuleManager: Display: Found up-to-date module file ../../../Engine/Plugins/Runtime/Steam/SteamVR/Binaries/Win64/UE4Editor-SteamVR.dll (API version 3944462).
LogModuleManager: Display: Found up-to-date module file ../../../Engine/Plugins/Runtime/Steam/SteamVR/Binaries/Win64/UE4Editor-SteamVRController.dll (API version 3944462).
LogModuleManager: Display: Found up-to-date module file ../../../Engine/Plugins/Runtime/WindowsMoviePlayer/Binaries/Win64/UE4Editor-WindowsMoviePlayer.dll (API version 3944462).
LogPluginManager: Mounting plugin Paper2D
LogPluginManager: Mounting plugin LiveLink
LogPluginManager: Mounting plugin LightPropagationVolume
LogPluginManager: Mounting plugin CLionSourceCodeAccess
LogPluginManager: Mounting plugin CodeLiteSourceCodeAccess
LogPluginManager: Mounting plugin GitSourceControl
LogPluginManager: Mounting plugin KDevelopSourceCodeAccess
LogPluginManager: Mounting plugin NullSourceCodeAccess
LogPluginManager: Mounting plugin PerforceSourceControl
LogPluginManager: Mounting plugin SubversionSourceControl
LogPluginManager: Mounting plugin UObjectPlugin
LogPluginManager: Mounting plugin VisualStudioCodeSourceCodeAccess
LogPluginManager: Mounting plugin VisualStudioSourceCodeAccess
LogPluginManager: Mounting plugin XCodeSourceCodeAccess
LogPluginManager: Mounting plugin AssetManagerEditor
LogPluginManager: Mounting plugin CryptoKeys
LogPluginManager: Mounting plugin DataValidation
LogPluginManager: Mounting plugin FacialAnimation
LogPluginManager: Mounting plugin GameplayTagsEditor
LogPluginManager: Mounting plugin MobileLauncherProfileWizard
LogPluginManager: Mounting plugin PluginBrowser
LogPluginManager: Mounting plugin SpeedTreeImporter
LogPluginManager: Mounting plugin DatasmithContent
LogPluginManager: Mounting plugin AlembicImporter
LogPluginManager: Mounting plugin CharacterAI
LogPluginManager: Mounting plugin HTML5Networking
LogPluginManager: Mounting plugin AndroidMedia
LogPluginManager: Mounting plugin AvfMedia
LogPluginManager: Mounting plugin ImgMedia
LogPluginManager: Mounting plugin LinearTimecode
LogPluginManager: Mounting plugin MediaCompositing
LogPluginManager: Mounting plugin MediaPlayerEditor
LogPluginManager: Mounting plugin WmfMedia
LogPluginManager: Mounting plugin TcpMessaging
LogPluginManager: Mounting plugin UdpMessaging
LogPluginManager: Mounting plugin ActorSequence
LogPluginManager: Mounting plugin LevelSequenceEditor
LogPluginManager: Mounting plugin MatineeToLevelSequence
LogPluginManager: Mounting plugin NetcodeUnitTest
LogPluginManager: Mounting plugin NUTUnrealEngine4
LogPluginManager: Mounting plugin OnlineSubsystemGooglePlay
LogPluginManager: Mounting plugin OnlineSubsystemIOS
LogPluginManager: Mounting plugin OnlineSubsystem
LogPluginManager: Mounting plugin OnlineSubsystemNull
LogPluginManager: Mounting plugin OnlineSubsystemUtils
LogPluginManager: Mounting plugin AndroidDeviceProfileSelector
LogPluginManager: Mounting plugin AndroidMoviePlayer
LogPluginManager: Mounting plugin AndroidPermission
LogPluginManager: Mounting plugin AppleARKit
LogPluginManager: Mounting plugin AppleMoviePlayer
LogPluginManager: Mounting plugin ArchVisCharacter
LogPluginManager: Mounting plugin AudioCapture
LogPluginManager: Mounting plugin CableComponent
LogPluginManager: Mounting plugin CustomMeshComponent
LogPluginManager: Mounting plugin ExampleDeviceProfileSelector
LogPluginManager: Mounting plugin GoogleCloudMessaging
LogPluginManager: Mounting plugin ImmediatePhysics
LogPluginManager: Mounting plugin IOSDeviceProfileSelector
LogPluginManager: Mounting plugin LinuxDeviceProfileSelector
LogPluginManager: Mounting plugin LocationServicesBPLibrary
LogPluginManager: Mounting plugin MobilePatchingUtils
LogPluginManager: Mounting plugin OculusVR
LogPluginManager: Plugin shader directory ../../../Engine/Plugins/Runtime/Oculus/OculusVR/Shaders found
LogPluginManager: Mapping shader source directory ../../../Engine/Plugins/Runtime/Oculus/OculusVR/Shaders to virtual directory /Plugin/OculusVR
LogPluginManager: Mounting plugin PhysXVehicles
LogPluginManager: Mounting plugin ProceduralMeshComponent
LogPluginManager: Mounting plugin RuntimePhysXCooking
LogPluginManager: Mounting plugin SteamVR
LogPluginManager: Mounting plugin WindowsMoviePlayer
LogStreaming: Display: Took  3.867s to configure plugins.
LogInit: Using libcurl 7.47.1
LogInit:  - built for x86_64-pc-win32
LogInit:  - supports SSL with OpenSSL/1.0.2g
LogInit:  - supports HTTP deflate (compression) using libz 1.2.8
LogInit:  - other features:
LogInit:      CURL_VERSION_SSL
LogInit:      CURL_VERSION_LIBZ
LogInit:      CURL_VERSION_IPV6
LogInit:      CURL_VERSION_ASYNCHDNS
LogInit:      CURL_VERSION_LARGEFILE
LogInit:      CURL_VERSION_IDN
LogInit:  CurlRequestOptions (configurable via config and command line):
LogInit:  - bVerifyPeer = false  - Libcurl will NOT verify peer certificate
LogInit:  - bUseHttpProxy = false  - Libcurl will NOT use HTTP proxy
LogInit:  - bDontReuseConnections = false  - Libcurl will reuse connections
LogInit:  - CertBundlePath = nullptr  - Libcurl will use whatever was configured at build time.
LogInit:  - MaxHostConnections = 16  - Libcurl will limit the number of connections to a host
LogInit:  - LocalHostAddr = Default
LogInit: WinSock: version 1.1 (2.2), MaxSocks=32767, MaxUdp=65467
LogInit: WinSock: I am PC-Kenneth (192.168.1.200:0)
LogInit: Build: ++UE4+Release-4.19-CL-3944462
LogInit: Engine Version: 4.19.0-3944462+++UE4+Release-4.19
LogInit: Compatible Engine Version: 4.19.0-3944462+++UE4+Release-4.19
LogInit: Net CL: 3944462
LogDevObjectVersion: Number of dev versions registered: 18
LogDevObjectVersion:   Dev-Blueprints (B0D832E4-1F89-4F0D-ACCF-7EB736FD4AA2): 10
LogDevObjectVersion:   Dev-Build (E1C64328-A22C-4D53-A36C-8E866417BD8C): 0
LogDevObjectVersion:   Dev-Core (375EC13C-06E4-48FB-B500-84F0262A717E): 2
LogDevObjectVersion:   Dev-Editor (E4B068ED-F494-42E9-A231-DA0B2E46BB41): 23
LogDevObjectVersion:   Dev-Framework (CFFC743F-43B0-4480-9391-14DF171D2073): 33
LogDevObjectVersion:   Dev-Mobile (B02B49B5-BB20-44E9-A304-32B752E40360): 2
LogDevObjectVersion:   Dev-Networking (A4E4105C-59A1-49B5-A7C5-40C4547EDFEE): 0
LogDevObjectVersion:   Dev-Online (39C831C9-5AE6-47DC-9A44-9C173E1C8E7C): 0
LogDevObjectVersion:   Dev-Physics (78F01B33-EBEA-4F98-B9B4-84EACCB95AA2): 0
LogDevObjectVersion:   Dev-Platform (6631380F-2D4D-43E0-8009-CF276956A95A): 0
LogDevObjectVersion:   Dev-Rendering (12F88B9F-8875-4AFC-A67C-D90C383ABD29): 25
LogDevObjectVersion:   Dev-Sequencer (7B5AE74C-D270-4C10-A958-57980B212A5A): 6
LogDevObjectVersion:   Dev-VR (D7296918-1DD6-4BDD-9DE2-64A83CC13884): 1
LogDevObjectVersion:   Dev-LoadTimes (C2A15278-BFE7-4AFE-6C17-90FF531DF755): 1
LogDevObjectVersion:   Private-Geometry (6EACA3D4-40EC-4CC1-B786-8BED09428FC5): 2
LogDevObjectVersion:   Dev-AnimPhys (29E575DD-E0A3-4627-9D10-D276232CDCEA): 16
LogDevObjectVersion:   Dev-ReflectionCapture (6B266CEC-1EC7-4B8F-A30B-E4D90942FC07): 1
LogDevObjectVersion:   Dev-Automation (0DF73D61-A23F-47EA-B727-89E90C41499A): 1
LogInit: Compiled (64-bit): Mar 13 2018 23:12:32
LogInit: Compiled with Visual C++: 19.00.24215.01
LogInit: Build Configuration: Development
LogInit: Branch Name: ++UE4+Release-4.19
LogInit: Command Line:  
LogInit: Base Directory: C:/Program Files/Epic Games/UE_4.19/Engine/Binaries/Win64/
LogInit: Installed Engine Build: 1
LogStreaming: Display: Took  0.003s to delete old logs.
LogInit: Presizing for max 8388607 objects, including 0 objects not considered by GC, pre-allocating 0 bytes for permanent pool.
LogInit: Object subsystem initialized
[2018.04.04-16.52.12:676][  0]LogInit: Selected Device Profile: [Windows]
[2018.04.04-16.52.12:676][  0]LogInit: Applying CVar settings loaded from the selected device profile: [Windows]
[2018.04.04-16.52.12:720][  0]LogInit: Computer: PC-KENNETH
[2018.04.04-16.52.12:720][  0]LogInit: User: Kenneth
[2018.04.04-16.52.12:720][  0]LogInit: CPU Page size=4096, Cores=2
[2018.04.04-16.52.12:720][  0]LogInit: High frequency timer resolution =3.710941 MHz
[2018.04.04-16.52.12:721][  0]LogMemory: Memory total: Physical=8.0GB (8GB approx)
[2018.04.04-16.52.12:721][  0]LogMemory: Platform Memory Stats for Windows
[2018.04.04-16.52.12:721][  0]LogMemory: Process Physical Memory: 276.45 MB used, 276.45 MB peak
[2018.04.04-16.52.12:721][  0]LogMemory: Process Virtual Memory: 263.97 MB used, 263.97 MB peak
[2018.04.04-16.52.12:721][  0]LogMemory: Physical Memory: 5097.93 MB used,  3093.25 MB free, 8191.18 MB total
[2018.04.04-16.52.12:721][  0]LogMemory: Virtual Memory: 684.20 MB used,  3093.25 MB free, 134217728.00 MB total
[2018.04.04-16.52.12:954][  0]LogInit: Using OS detected language (en-US).
[2018.04.04-16.52.12:954][  0]LogInit: Using OS detected locale (en-US).
[2018.04.04-16.52.13:039][  0]LogTextLocalizationManager: No specific localization for 'en-US' exists, so the 'en' localization will be used.
[2018.04.04-16.52.13:840][  0]LogStreaming: Display: Took  0.886s to EndInitTextLocalization.
[2018.04.04-16.52.13:841][  0]LogInit: Setting process to per monitor DPI aware
[2018.04.04-16.52.13:953][  0]LogSlate: New Slate User Created.  User Index 0, Is Virtual User: 0
[2018.04.04-16.52.13:953][  0]LogSlate: Slate User Registered.  User Index 0, Is Virtual User: 0
[2018.04.04-16.52.17:199][  0]LogD3D11RHI: D3D11 adapters:
[2018.04.04-16.52.17:286][  0]LogD3D11RHI:    0. 'NVIDIA GeForce GTX 980' (Feature Level 11_0)
[2018.04.04-16.52.17:286][  0]LogD3D11RHI:       4060/0/4095 MB DedicatedVideo/DedicatedSystem/SharedSystem, Outputs:1, VendorId:0x10de
[2018.04.04-16.52.17:289][  0]LogD3D11RHI:    1. 'Microsoft Basic Render Driver' (Feature Level 11_0)
[2018.04.04-16.52.17:289][  0]LogD3D11RHI:       0/0/4095 MB DedicatedVideo/DedicatedSystem/SharedSystem, Outputs:0, VendorId:0x1414
[2018.04.04-16.52.17:289][  0]LogD3D11RHI: Chosen D3D11 Adapter: 0
[2018.04.04-16.52.17:302][  0]LogD3D11RHI: Creating new Direct3DDevice
[2018.04.04-16.52.17:302][  0]LogD3D11RHI:     GPU DeviceId: 0x13c0 (for the marketing name, search the web for "GPU Device Id")
[2018.04.04-16.52.17:302][  0]LogWindows: EnumDisplayDevices:
[2018.04.04-16.52.17:302][  0]LogWindows:    0. 'NVIDIA GeForce GTX 980' (P:1 D:1)
[2018.04.04-16.52.17:302][  0]LogWindows:    1. 'NVIDIA GeForce GTX 980' (P:0 D:0)
[2018.04.04-16.52.17:302][  0]LogWindows:    2. 'NVIDIA GeForce GTX 980' (P:0 D:0)
[2018.04.04-16.52.17:302][  0]LogWindows:    3. 'NVIDIA GeForce GTX 980' (P:0 D:0)
[2018.04.04-16.52.17:303][  0]LogWindows: DebugString: GetVideoDriverDetailsInvalid PrimaryIsNotTheChoosenAdapter GetVideoDriverDetailsInvalid PrimaryIsNotTheChoosenAdapter GetVideoDriverDetailsInvalid PrimaryIsNotTheChoosenAdapter GetVideoDriverDetailsInvalid PrimaryIsNotTheChoosenAdapter FoundDriverCount:0 
[2018.04.04-16.52.17:303][  0]LogD3D11RHI:     Adapter Name: NVIDIA GeForce GTX 980
[2018.04.04-16.52.17:303][  0]LogD3D11RHI:   Driver Version: Unknown (internal:Unknown, unified:Unknown)
[2018.04.04-16.52.17:303][  0]LogD3D11RHI:      Driver Date: Unknown
[2018.04.04-16.52.17:303][  0]LogRHI: Texture pool is 2842 MB (70% of 4060 MB)
[2018.04.04-16.52.17:360][  0]LogD3D11RHI: [Aftermath] Aftermath enabled but failed to initialize
[2018.04.04-16.52.17:360][  0]LogD3D11RHI: Async texture creation enabled
[2018.04.04-16.52.17:480][  0]LogD3D11RHI: GPU Timing Frequency: 1000.000000 (Debug: 2 1)
[2018.04.04-16.52.17:482][  0]LogShaderCompilers: Guid format shader working directory is -3 characters bigger than the processId version (D:/Users/Kenneth/Documents/GitHub/GameProject2/DnD/Intermediate/Shaders/WorkingDirectory/11292/).
[2018.04.04-16.52.17:483][  0]LogShaderCompilers: Cleaned the shader compiler working directory 'C:/Users/Kenneth/AppData/Local/Temp/UnrealShaderWorkingDir/9D228BAB4AB5B8B8B7BF059F669CC0AD/'.
[2018.04.04-16.52.18:483][  0]LogTemp: Display: Loaded TP AllDesktopTargetPlatform
[2018.04.04-16.52.18:511][  0]LogTemp: Display: Loaded TP MacClientTargetPlatform
[2018.04.04-16.52.18:540][  0]LogTemp: Display: Loaded TP MacNoEditorTargetPlatform
[2018.04.04-16.52.18:569][  0]LogTemp: Display: Loaded TP MacServerTargetPlatform
[2018.04.04-16.52.18:604][  0]LogTemp: Display: Loaded TP MacTargetPlatform
[2018.04.04-16.52.18:633][  0]LogTemp: Display: Loaded TP WindowsClientTargetPlatform
[2018.04.04-16.52.18:663][  0]LogTemp: Display: Loaded TP WindowsNoEditorTargetPlatform
[2018.04.04-16.52.18:691][  0]LogTemp: Display: Loaded TP WindowsServerTargetPlatform
[2018.04.04-16.52.18:705][  0]LogTemp: Display: Loaded TP WindowsTargetPlatform
[2018.04.04-16.52.18:731][  0]LogTemp: Display: Loaded TP Android_ASTCTargetPlatform
[2018.04.04-16.52.18:757][  0]LogTemp: Display: Loaded TP Android_ATCTargetPlatform
[2018.04.04-16.52.18:782][  0]LogTemp: Display: Loaded TP Android_DXTTargetPlatform
[2018.04.04-16.52.18:807][  0]LogTemp: Display: Loaded TP Android_ETC1aTargetPlatform
[2018.04.04-16.52.18:832][  0]LogTemp: Display: Loaded TP Android_ETC1TargetPlatform
[2018.04.04-16.52.18:857][  0]LogTemp: Display: Loaded TP Android_ETC2TargetPlatform
[2018.04.04-16.52.18:908][  0]LogTemp: Display: Loaded TP Android_MultiTargetPlatform
[2018.04.04-16.52.18:908][  0]LogTemp: Display: Loaded TP Android_PVRTCTargetPlatform
[2018.04.04-16.52.18:940][  0]LogTemp: Display: Loaded TP AndroidTargetPlatform
[2018.04.04-16.52.18:942][  0]LogTemp: Display: Loaded TP HTML5TargetPlatform
[2018.04.04-16.52.19:032][  0]LogTemp: Display: Loaded TP IOSTargetPlatform
[2018.04.04-16.52.19:056][  0]LogTemp: Display: Loaded TP TVOSTargetPlatform
[2018.04.04-16.52.19:081][  0]LogTemp: Display: Loaded TP LinuxClientTargetPlatform
[2018.04.04-16.52.19:106][  0]LogTemp: Display: Loaded TP LinuxNoEditorTargetPlatform
[2018.04.04-16.52.19:133][  0]LogTemp: Display: Loaded TP LinuxServerTargetPlatform
[2018.04.04-16.52.19:165][  0]LogTemp: Display: Loaded TP LinuxTargetPlatform
[2018.04.04-16.52.19:165][  0]LogTargetPlatformManager: Display: Building Assets For Windows
[2018.04.04-16.52.19:713][  0]LogXGEController: Cleaning working directory: C:/Users/Kenneth/AppData/Local/Temp/UnrealXGEWorkingDir/
[2018.04.04-16.52.19:713][  0]LogXGEController: Cannot use XGE Controller as Incredibuild is not installed on this machine.
[2018.04.04-16.52.19:713][  0]LogShaderCompilers: Cannot use XGE Shader Compiler as Incredibuild is not installed on this machine.
[2018.04.04-16.52.19:713][  0]LogShaderCompilers: Display: Using Local Shader Compiler.
[2018.04.04-16.52.22:594][  0]LogDerivedDataCache: Display: Max Cache Size: 512 MB
[2018.04.04-16.52.23:154][  0]LogDerivedDataCache: Loaded boot cache 0.56s 74MB C:/Users/Kenneth/AppData/Local/UnrealEngine/4.19/DerivedDataCache/Boot.ddc.
[2018.04.04-16.52.23:154][  0]LogDerivedDataCache: Display: Loaded Boot cache: C:/Users/Kenneth/AppData/Local/UnrealEngine/4.19/DerivedDataCache/Boot.ddc
[2018.04.04-16.52.23:154][  0]LogDerivedDataCache: FDerivedDataBackendGraph:  Pak pak cache file D:/Users/Kenneth/Documents/GitHub/GameProject2/DnD/DerivedDataCache/DDC.ddp not found, will not use a pak cache.
[2018.04.04-16.52.23:154][  0]LogDerivedDataCache: Unable to find inner node Pak for hierarchical cache Hierarchy.
[2018.04.04-16.52.23:154][  0]LogDerivedDataCache: FDerivedDataBackendGraph:  CompressedPak pak cache file D:/Users/Kenneth/Documents/GitHub/GameProject2/DnD/DerivedDataCache/Compressed.ddp not found, will not use a pak cache.
[2018.04.04-16.52.23:154][  0]LogDerivedDataCache: Unable to find inner node CompressedPak for hierarchical cache Hierarchy.
[2018.04.04-16.52.23:193][  0]LogDerivedDataCache: Display: Pak cache opened for reading ../../../Engine/DerivedDataCache/Compressed.ddp.
[2018.04.04-16.52.23:206][  0]LogDerivedDataCache: Using Local data cache path C:/Users/Kenneth/AppData/Local/UnrealEngine/Common/DerivedDataCache: Writable
[2018.04.04-16.52.23:231][  0]LogMaterial: Verifying Global Shaders for PCD3D_SM5
[2018.04.04-16.52.23:232][  0]LogSlate: Using Freetype 2.6.0
[2018.04.04-16.52.23:258][  0]LogSlate: SlateFontCache - WITH_FREETYPE: 1, WITH_HARFBUZZ: 1
[2018.04.04-16.52.23:258][  0]LogSlate: SlateFontCache - WITH_FREETYPE: 1, WITH_HARFBUZZ: 1
[2018.04.04-16.52.26:826][  0]LogAssetRegistry: FAssetRegistry took 0.0320 seconds to start up
[2018.04.04-16.52.27:500][  0]LogInit: Selected Device Profile: [Windows]
[2018.04.04-16.52.27:987][  0]LogSimplygon: Simplygon DLL not present - disabling.
[2018.04.04-16.52.27:995][  0]LogMeshReduction: Using SimplygonSwarm for distributed automatic mesh merging
[2018.04.04-16.52.27:995][  0]LogMeshReduction: Using QuadricMeshReduction for automatic static mesh reduction
[2018.04.04-16.52.27:996][  0]LogMeshReduction: No automatic skeletal mesh reduction module available
[2018.04.04-16.52.27:996][  0]LogMeshReduction: No automatic mesh merging module available
[2018.04.04-16.52.27:996][  0]LogMeshMerging: No automatic mesh merging module available
[2018.04.04-16.52.28:086][  0]LogNetVersion: DnD , NetCL: 3944462, EngineNetVer: 2, GameNetVer: 0 (Checksum: 2004278003)
[2018.04.04-16.52.29:793][  0]LogPackageLocalizationCache: Processed 9 localized package path(s) for 2 prioritized culture(s) in 0.225531 seconds
[2018.04.04-16.52.29:804][  0]LogUObjectArray: 36728 objects as part of root set at end of initial load.
[2018.04.04-16.52.29:804][  0]LogUObjectAllocator: 7314304 out of 0 bytes used by permanent object pool.
[2018.04.04-16.52.29:804][  0]LogUObjectArray: CloseDisregardForGC: 0/0 objects in disregard for GC pool
[2018.04.04-16.52.36:369][  0]LogTcpMessaging: Initializing TcpMessaging bridge
[2018.04.04-16.52.36:419][  0]LogUdpMessaging: Initializing bridge on interface 0.0.0.0:0 to multicast group 230.0.0.1:6666.
[2018.04.04-16.52.37:158][  0]SourceControl: Source control is disabled
[2018.04.04-16.52.37:159][  0]SourceControl: Source control is disabled
[2018.04.04-16.52.37:204][  0]SourceControl: Source control is disabled
[2018.04.04-16.52.37:242][  0]SourceControl: Source control is disabled
[2018.04.04-16.52.38:214][  0]LogAndroidPermission: UAndroidPermissionCallbackProxy::GetInstance
[2018.04.04-16.52.38:643][  0]LogOcInput: OculusInput pre-init called
[2018.04.04-16.52.38:953][  0]LogEngine: Initializing Engine...
[2018.04.04-16.52.38:955][  0]LogHMD: Failed to initialize OpenVR with code 110
[2018.04.04-16.52.38:958][  0]LogStats: UGameplayTagsManager::ConstructGameplayTagTree: Construct from data asset -  0.000 s
[2018.04.04-16.52.38:958][  0]LogStats: UGameplayTagsManager::ConstructGameplayTagTree: GameplayTagTreeChangedEvent.Broadcast -  0.000 s
[2018.04.04-16.52.39:640][  0]LogAIModule: Creating AISystem for world Untitled
[2018.04.04-16.52.39:662][  0]LogInit: XAudio2 using 'Headset Earphone (4- ASTRO MixAmp Pro           )' : 2 channels at 48 kHz using 16 bits per sample (channel mask 0x3)
[2018.04.04-16.52.39:681][  0]LogInit: FAudioDevice initialized.
[2018.04.04-16.52.39:792][  0]LogDerivedDataCache: Saved boot cache 0.11s 74MB C:/Users/Kenneth/AppData/Local/UnrealEngine/4.19/DerivedDataCache/Boot.ddc.
[2018.04.04-16.52.39:829][  0]LogInit: Texture streaming: Enabled
[2018.04.04-16.52.39:868][  0]LogEngineSessionManager: EngineSessionManager initialized
[2018.04.04-16.52.39:899][  0]LogInit: Transaction tracking system initialized
[2018.04.04-16.52.39:959][  0]BlueprintLog: New page: Editor Load
[2018.04.04-16.52.40:190][  0]LocalizationService: Localization service is disabled
[2018.04.04-16.52.40:477][  0]LogConsoleResponse: Display: 
[2018.04.04-16.52.41:145][  0]LogCook: Display: Max memory allowance for cook 16384mb min free memory 0mb
[2018.04.04-16.52.41:146][  0]LogCook: Display: Mobile HDR setting 1
[2018.04.04-16.52.41:146][  0]LogGameplayTags: Display: UGameplayTagsManager::DoneAddingNativeTags. DelegateIsBound: 0
[2018.04.04-16.52.41:146][  0]LogStats: UGameplayTagsManager::ConstructGameplayTagTree: Construct from data asset -  0.000 s
[2018.04.04-16.52.41:146][  0]LogStats: UGameplayTagsManager::ConstructGameplayTagTree: GameplayTagTreeChangedEvent.Broadcast -  0.000 s
[2018.04.04-16.52.41:158][  0]LogFileCache: Scanning file cache for directory 'D:/Users/Kenneth/Documents/GitHub/GameProject2/DnD/Content/' took 0.03s
[2018.04.04-16.52.42:028][  0]SourceControl: Source control is disabled
[2018.04.04-16.52.42:028][  0]Cmd: MAP LOAD FILE="D:/Users/Kenneth/Documents/GitHub/GameProject2/DnD/Content/Levels/MainMenu/L_MainMenu.umap" TEMPLATE=0 SHOWPROGRESS=1 FEATURELEVEL=3
[2018.04.04-16.52.42:064][  0]LightingResults: New page: Lighting Build
[2018.04.04-16.52.42:069][  0]MapCheck: New page: Map Check
[2018.04.04-16.52.42:069][  0]LightingResults: New page: Lighting Build
[2018.04.04-16.52.42:552][  0]LogAIModule: Creating AISystem for world L_MainMenu
[2018.04.04-16.52.42:555][  0]LogEditorServer: Finished looking for orphan Actors (0.000 secs)
[2018.04.04-16.52.42:582][  0]Cmd: MAP CHECKDEP NOCLEARLOG
[2018.04.04-16.52.42:677][  0]MapCheck: Map check complete: 0 Error(s), 0 Warning(s), took 94.906ms to complete.
[2018.04.04-16.52.42:677][  0]LogFileHelpers: Loading map 'L_MainMenu' took 0.649
[2018.04.04-16.52.42:948][  0]LogCollectionManager: Loaded 0 collections in 0.003682 seconds
[2018.04.04-16.52.43:017][  0]LogFileCache: Scanning file cache for directory 'D:/Users/Kenneth/Documents/GitHub/GameProject2/DnD/Saved/Collections/' took 0.01s
[2018.04.04-16.52.43:017][  0]LogFileCache: Scanning file cache for directory 'D:/Users/Kenneth/Documents/GitHub/GameProject2/DnD/Content/Developers/Kenneth/Collections/' took 0.01s
[2018.04.04-16.52.43:017][  0]LogFileCache: Scanning file cache for directory 'D:/Users/Kenneth/Documents/GitHub/GameProject2/DnD/Content/Collections/' took 0.01s
[2018.04.04-16.52.43:017][  0]LogCollectionManager: Rebuilt the GUID cache for 0 collections in 0.000001 seconds
[2018.04.04-16.52.43:040][  0]LogContentBrowser: Native class hierarchy populated in 0.0210 seconds. Added 2452 classes and 558 folders.
[2018.04.04-16.52.43:059][  0]LogContentBrowser: Native class hierarchy updated for 'WidgetCarousel' in 0.0004 seconds. Added 0 classes and 0 folders.
[2018.04.04-16.52.43:590][  0]LogContentBrowser: Native class hierarchy updated for 'AddContentDialog' in 0.0004 seconds. Added 0 classes and 0 folders.
[2018.04.04-16.52.43:607][  0]LogContentBrowser: Native class hierarchy updated for 'SceneOutliner' in 0.0005 seconds. Added 1 classes and 2 folders.
[2018.04.04-16.52.43:750][  0]LogSlate: Took 0.012807 seconds to synchronously load lazily loaded font '../../../Engine/Content/Slate/Fonts/Roboto-Regular.ttf' (155K)
[2018.04.04-16.52.43:763][  0]LogSlate: Took 0.009891 seconds to synchronously load lazily loaded font '../../../Engine/Content/Slate/Fonts/Roboto-Bold.ttf' (160K)
[2018.04.04-16.52.43:781][  0]LogSlate: Took 0.008194 seconds to synchronously load lazily loaded font '../../../Engine/Content/Editor/Slate/Fonts/FontAwesome.ttf' (139K)
[2018.04.04-16.52.44:097][  0]LogRenderer: Reallocating scene render targets to support 1208x576 Format 10 NumSamples 1 (Frame:1).
[2018.04.04-16.52.44:423][  0]LogContentBrowser: Native class hierarchy updated for 'HierarchicalLODOutliner' in 0.0004 seconds. Added 0 classes and 0 folders.
[2018.04.04-16.52.44:423][  0]LogLoad: (Engine Initialization) Total time: 39.38 seconds
[2018.04.04-16.52.44:423][  0]LogLoad: (Engine Initialization) Total Blueprint compile time: 0.00 seconds
[2018.04.04-16.52.44:785][  0]LogContentStreaming: Texture pool size now 3000 MB
[2018.04.04-16.52.44:846][  0]LogSlate: Took 0.008302 seconds to synchronously load lazily loaded font '../../../Engine/Content/Slate/Fonts/Roboto-Light.ttf' (167K)
[2018.04.04-16.52.45:441][  2]LogAssetRegistry: Asset discovery search completed in 18.6377 seconds
[2018.04.04-16.52.45:444][  2]LogCollectionManager: Rebuilt the object cache for 0 collections in 0.000001 seconds (found 0 objects)
[2018.04.04-16.52.45:445][  2]LogCollectionManager: Fixed up redirectors for 0 collections in 0.000085 seconds (updated 0 objects)
[2018.04.04-17.04.35:065][402]LogSlate: FSceneViewport::OnFocusLost() reason 0
[2018.04.04-18.32.48:806][804]LogTemp: Repeating last play command: Selected Viewport
[2018.04.04-18.32.48:850][804]LogBlueprintUserMessages: Early PlayInEditor Detection: Level '/Game/Levels/MainMenu/L_MainMenu.L_MainMenu:PersistentLevel' has LevelScriptBlueprint '/Game/Levels/MainMenu/L_MainMenu.L_MainMenu:PersistentLevel.L_MainMenu' with GeneratedClass '/Game/Levels/MainMenu/L_MainMenu.L_MainMenu_C' with ClassGeneratedBy '/Game/Levels/MainMenu/L_MainMenu.L_MainMenu:PersistentLevel.L_MainMenu'
[2018.04.04-18.32.48:851][804]LogPlayLevel: PlayLevel: No blueprints needed recompiling
[2018.04.04-18.32.48:853][804]PIE: New page: PIE session: L_MainMenu (Apr 4, 2018, 4:32:48 AM)
[2018.04.04-18.32.48:853][804]LogPlayLevel: Creating play world package: /Game/Levels/MainMenu/UEDPIE_0_L_MainMenu
[2018.04.04-18.32.48:860][804]LogPlayLevel: PIE: StaticDuplicateObject took: (0.005972s)
[2018.04.04-18.32.48:861][804]LogAIModule: Creating AISystem for world L_MainMenu
[2018.04.04-18.32.48:863][804]LogPlayLevel: PIE: World Init took: (0.003486s)
[2018.04.04-18.32.48:863][804]LogPlayLevel: PIE: Created PIE world by copying editor world from /Game/Levels/MainMenu/L_MainMenu.L_MainMenu to /Game/Levels/MainMenu/UEDPIE_0_L_MainMenu.L_MainMenu (0.010169s)
[2018.04.04-18.32.48:914][804]LogInit: XAudio2 using 'Headset Earphone (4- ASTRO MixAmp Pro           )' : 2 channels at 48 kHz using 16 bits per sample (channel mask 0x3)
[2018.04.04-18.32.48:926][804]LogInit: FAudioDevice initialized.
[2018.04.04-18.32.48:978][804]LogLoad: Game class is 'GM_MainMenu_C'
[2018.04.04-18.32.48:981][804]LogWorld: Bringing World /Game/Levels/MainMenu/UEDPIE_0_L_MainMenu.L_MainMenu up for play (max tick rate 0) at 2018.04.04-11.32.48
[2018.04.04-18.32.48:982][804]LogWorld: Bringing up level for play took: 0.000805
[2018.04.04-18.32.48:991][804]LogContentBrowser: Native class hierarchy updated for 'MovieSceneCapture' in 0.0012 seconds. Added 11 classes and 0 folders.
[2018.04.04-18.32.48:992][804]LogGameMode: Display: Match State Changed from EnteringMap to WaitingToStart
[2018.04.04-18.32.48:992][804]LogGameState: Match State Changed from EnteringMap to WaitingToStart
[2018.04.04-18.32.48:992][804]LogGameMode: Display: Match State Changed from WaitingToStart to InProgress
[2018.04.04-18.32.48:997][804]LogGameState: Match State Changed from WaitingToStart to InProgress
[2018.04.04-18.32.48:997][804]PIE: Play in editor start time for /Game/Levels/MainMenu/UEDPIE_0_L_MainMenu 1.005
[2018.04.04-18.32.48:998][804]LogBlueprintUserMessages: Late PlayInEditor Detection: Level '/Game/Levels/MainMenu/L_MainMenu.L_MainMenu:PersistentLevel' has LevelScriptBlueprint '/Game/Levels/MainMenu/L_MainMenu.L_MainMenu:PersistentLevel.L_MainMenu' with GeneratedClass '/Game/Levels/MainMenu/L_MainMenu.L_MainMenu_C' with ClassGeneratedBy '/Game/Levels/MainMenu/L_MainMenu.L_MainMenu:PersistentLevel.L_MainMenu'
[2018.04.04-18.32.54:870][249]LogBlueprintUserMessages: Early EndPlayMap Detection: Level '/Game/Levels/MainMenu/L_MainMenu.L_MainMenu:PersistentLevel' has LevelScriptBlueprint '/Game/Levels/MainMenu/L_MainMenu.L_MainMenu:PersistentLevel.L_MainMenu' with GeneratedClass '/Game/Levels/MainMenu/L_MainMenu.L_MainMenu_C' with ClassGeneratedBy '/Game/Levels/MainMenu/L_MainMenu.L_MainMenu:PersistentLevel.L_MainMenu'
[2018.04.04-18.32.54:914][249]LogBlueprintUserMessages: Late EndPlayMap Detection: Level '/Game/Levels/MainMenu/L_MainMenu.L_MainMenu:PersistentLevel' has LevelScriptBlueprint '/Game/Levels/MainMenu/L_MainMenu.L_MainMenu:PersistentLevel.L_MainMenu' with GeneratedClass '/Game/Levels/MainMenu/L_MainMenu.L_MainMenu_C' with ClassGeneratedBy '/Game/Levels/MainMenu/L_MainMenu.L_MainMenu:PersistentLevel.L_MainMenu'
[2018.04.04-18.32.59:743][578]LogSlate: Took 0.000338 seconds to synchronously load lazily loaded font '../../../Engine/Content/Slate/Fonts/Roboto-Light.ttf' (167K)
[2018.04.04-18.33.00:571][578]LogContentBrowser: Native class hierarchy updated for 'BlueprintGraph' in 0.0018 seconds. Added 116 classes and 0 folders.
[2018.04.04-18.33.01:974][578]LogSlate: Took 0.006802 seconds to synchronously load lazily loaded font '../../../Engine/Content/Slate/Fonts/Roboto-BoldCondensed.ttf' (158K)
[2018.04.04-18.33.10:484][882]LogSlate: Took 0.031366 seconds to synchronously load lazily loaded font '../../../Engine/Content/Slate/Fonts/DroidSansFallback.ttf' (3848K)
[2018.04.04-18.37.59:295][ 29]LogFileHelpers: Editor autosave (incl. sublevels) for '/Game/Levels/MainMenu/L_MainMenu' took 0.049
[2018.04.04-18.37.59:301][ 29]OBJ SavePackage: Generating thumbnails for [0] asset(s) in package [/Game/Levels/MainMenu/MainMenu] ([1] browsable assets)...
[2018.04.04-18.37.59:301][ 29]OBJ SavePackage: Finished generating thumbnails for package [/Game/Levels/MainMenu/MainMenu]
[2018.04.04-18.37.59:399][ 29]LogSavePackage: Save=36.27ms
[2018.04.04-18.37.59:399][ 29]LogSavePackage: Moving 'D:/Users/Kenneth/Documents/GitHub/GameProject2/DnD/Saved/MainMenu_Auto19258B9CB42871A720B2FAA998CAE57E4.tmp' to 'D:/Users/Kenneth/Documents/GitHub/GameProject2/DnD/Saved/Autosaves/Game/Levels/MainMenu/MainMenu_Auto1.uasset'
[2018.04.04-18.37.59:404][ 29]LogSavePackage: Display: Finished SavePackage D:/Users/Kenneth/Documents/GitHub/GameProject2/DnD/Saved/Autosaves/Game/Levels/MainMenu/MainMenu_Auto1.uasset
[2018.04.04-18.37.59:404][ 29]LogFileHelpers: Auto-saving content packages took 0.108
[2018.04.04-18.38.13:518][456]LogEditorTransaction: Undo Remove Widget
[2018.04.04-18.39.03:970][148]BlueprintLog: New page: Compile MainMenu
[2018.04.04-18.41.31:789][334]BlueprintLog: New page: Compile MainMenu
[2018.04.04-18.41.32:258][345]Cmd: OBJ SAVEPACKAGE PACKAGE="/Game/Levels/MainMenu/MainMenu" FILE="D:/Users/Kenneth/Documents/GitHub/GameProject2/DnD/Content/Levels/MainMenu/MainMenu.uasset" SILENT=true
[2018.04.04-18.41.32:316][345]LogSavePackage: Save=41.70ms
[2018.04.04-18.41.32:316][345]LogSavePackage: Moving 'D:/Users/Kenneth/Documents/GitHub/GameProject2/DnD/Saved/MainMenu4AE9CBCD4D62FE04DA7CD38A285EFCDD.tmp' to 'D:/Users/Kenneth/Documents/GitHub/GameProject2/DnD/Content/Levels/MainMenu/MainMenu.uasset'
[2018.04.04-18.41.32:329][345]LogSavePackage: Display: Finished SavePackage D:/Users/Kenneth/Documents/GitHub/GameProject2/DnD/Content/Levels/MainMenu/MainMenu.uasset
[2018.04.04-18.41.34:119][419]LogSlate: Window 'MainMenu' being destroyed
[2018.04.04-18.42.36:125][160]LogSlate: Window 'Save Content' being destroyed
[2018.04.04-18.42.36:164][160]Cmd: OBJ SAVEPACKAGE PACKAGE="/Game/Levels/MainMenu/Menu_Create" FILE="D:/Users/Kenneth/Documents/GitHub/GameProject2/DnD/Content/Levels/MainMenu/Menu_Create.uasset" SILENT=true
[2018.04.04-18.42.36:186][160]LogSavePackage: Save=16.53ms
[2018.04.04-18.42.36:187][160]LogSavePackage: Moving 'D:/Users/Kenneth/Documents/GitHub/GameProject2/DnD/Saved/Menu_Create446921A140D36A31FD744F8641BD4161.tmp' to 'D:/Users/Kenneth/Documents/GitHub/GameProject2/DnD/Content/Levels/MainMenu/Menu_Create.uasset'
[2018.04.04-18.42.36:194][160]LogSavePackage: Display: Finished SavePackage D:/Users/Kenneth/Documents/GitHub/GameProject2/DnD/Content/Levels/MainMenu/Menu_Create.uasset
[2018.04.04-18.42.36:208][160]Cmd: OBJ SAVEPACKAGE PACKAGE="/Game/Levels/MainMenu/Menu_Play" FILE="D:/Users/Kenneth/Documents/GitHub/GameProject2/DnD/Content/Levels/MainMenu/Menu_Play.uasset" SILENT=true
[2018.04.04-18.42.36:230][160]LogSavePackage: Save=15.73ms
[2018.04.04-18.42.36:230][160]LogSavePackage: Moving 'D:/Users/Kenneth/Documents/GitHub/GameProject2/DnD/Saved/Menu_PlayBE5E90FD46699A3BD8AD1F9444247201.tmp' to 'D:/Users/Kenneth/Documents/GitHub/GameProject2/DnD/Content/Levels/MainMenu/Menu_Play.uasset'
[2018.04.04-18.42.36:236][160]LogSavePackage: Display: Finished SavePackage D:/Users/Kenneth/Documents/GitHub/GameProject2/DnD/Content/Levels/MainMenu/Menu_Play.uasset
[2018.04.04-18.42.36:246][160]Cmd: OBJ SAVEPACKAGE PACKAGE="/Game/Levels/MainMenu/Menu_Settings" FILE="D:/Users/Kenneth/Documents/GitHub/GameProject2/DnD/Content/Levels/MainMenu/Menu_Settings.uasset" SILENT=true
[2018.04.04-18.42.36:267][160]LogSavePackage: Save=15.99ms
[2018.04.04-18.42.36:267][160]LogSavePackage: Moving 'D:/Users/Kenneth/Documents/GitHub/GameProject2/DnD/Saved/Menu_Settings06982D0842D4777088C7EAAB0D8816BE.tmp' to 'D:/Users/Kenneth/Documents/GitHub/GameProject2/DnD/Content/Levels/MainMenu/Menu_Settings.uasset'
[2018.04.04-18.42.36:278][160]LogSavePackage: Display: Finished SavePackage D:/Users/Kenneth/Documents/GitHub/GameProject2/DnD/Content/Levels/MainMenu/Menu_Settings.uasset
[2018.04.04-18.43.25:885][154]BlueprintLog: New page: Compile Menu_Play
[2018.04.04-18.43.51:418][134]LogTemp: Repeating last play command: Selected Viewport
[2018.04.04-18.43.51:454][134]LogBlueprintUserMessages: Early PlayInEditor Detection: Level '/Game/Levels/MainMenu/L_MainMenu.L_MainMenu:PersistentLevel' has LevelScriptBlueprint '/Game/Levels/MainMenu/L_MainMenu.L_MainMenu:PersistentLevel.L_MainMenu' with GeneratedClass '/Game/Levels/MainMenu/L_MainMenu.L_MainMenu_C' with ClassGeneratedBy '/Game/Levels/MainMenu/L_MainMenu.L_MainMenu:PersistentLevel.L_MainMenu'
[2018.04.04-18.43.51:454][134]BlueprintLog: New page: Pre-Play auto-recompile
[2018.04.04-18.43.51:457][134]LogPlayLevel: [PlayLevel] Compiling Menu_Play before play...
[2018.04.04-18.43.51:646][134]LogPlayLevel: PlayLevel: Blueprint regeneration took 191 ms (1 blueprints)
[2018.04.04-18.43.51:646][134]PIE: New page: PIE session: L_MainMenu (Apr 4, 2018, 4:43:51 AM)
[2018.04.04-18.43.51:646][134]LogPlayLevel: Creating play world package: /Game/Levels/MainMenu/UEDPIE_0_L_MainMenu
[2018.04.04-18.43.51:648][134]LogPlayLevel: PIE: StaticDuplicateObject took: (0.001765s)
[2018.04.04-18.43.51:649][134]LogAIModule: Creating AISystem for world L_MainMenu
[2018.04.04-18.43.51:650][134]LogPlayLevel: PIE: World Init took: (0.001184s)
[2018.04.04-18.43.51:650][134]LogPlayLevel: PIE: Created PIE world by copying editor world from /Game/Levels/MainMenu/L_MainMenu.L_MainMenu to /Game/Levels/MainMenu/UEDPIE_0_L_MainMenu.L_MainMenu (0.003144s)
[2018.04.04-18.43.51:691][134]LogInit: XAudio2 using 'Headset Earphone (4- ASTRO MixAmp Pro           )' : 2 channels at 48 kHz using 16 bits per sample (channel mask 0x3)
[2018.04.04-18.43.51:703][134]LogInit: FAudioDevice initialized.
[2018.04.04-18.43.51:744][134]LogLoad: Game class is 'GM_MainMenu_C'
[2018.04.04-18.43.51:746][134]LogWorld: Bringing World /Game/Levels/MainMenu/UEDPIE_0_L_MainMenu.L_MainMenu up for play (max tick rate 0) at 2018.04.04-11.43.51
[2018.04.04-18.43.51:746][134]LogWorld: Bringing up level for play took: 0.000758
[2018.04.04-18.43.51:747][134]LogGameMode: Display: Match State Changed from EnteringMap to WaitingToStart
[2018.04.04-18.43.51:747][134]LogGameState: Match State Changed from EnteringMap to WaitingToStart
[2018.04.04-18.43.51:747][134]LogGameMode: Display: Match State Changed from WaitingToStart to InProgress
[2018.04.04-18.43.51:750][134]LogGameState: Match State Changed from WaitingToStart to InProgress
[2018.04.04-18.43.51:750][134]PIE: Play in editor start time for /Game/Levels/MainMenu/UEDPIE_0_L_MainMenu -0.241
[2018.04.04-18.43.51:751][134]LogBlueprintUserMessages: Late PlayInEditor Detection: Level '/Game/Levels/MainMenu/L_MainMenu.L_MainMenu:PersistentLevel' has LevelScriptBlueprint '/Game/Levels/MainMenu/L_MainMenu.L_MainMenu:PersistentLevel.L_MainMenu' with GeneratedClass '/Game/Levels/MainMenu/L_MainMenu.L_MainMenu_C' with ClassGeneratedBy '/Game/Levels/MainMenu/L_MainMenu.L_MainMenu:PersistentLevel.L_MainMenu'
[2018.04.04-18.43.53:878][215]LogBlueprintUserMessages: Early EndPlayMap Detection: Level '/Game/Levels/MainMenu/L_MainMenu.L_MainMenu:PersistentLevel' has LevelScriptBlueprint '/Game/Levels/MainMenu/L_MainMenu.L_MainMenu:PersistentLevel.L_MainMenu' with GeneratedClass '/Game/Levels/MainMenu/L_MainMenu.L_MainMenu_C' with ClassGeneratedBy '/Game/Levels/MainMenu/L_MainMenu.L_MainMenu:PersistentLevel.L_MainMenu'
[2018.04.04-18.43.53:930][215]LogBlueprintUserMessages: Late EndPlayMap Detection: Level '/Game/Levels/MainMenu/L_MainMenu.L_MainMenu:PersistentLevel' has LevelScriptBlueprint '/Game/Levels/MainMenu/L_MainMenu.L_MainMenu:PersistentLevel.L_MainMenu' with GeneratedClass '/Game/Levels/MainMenu/L_MainMenu.L_MainMenu_C' with ClassGeneratedBy '/Game/Levels/MainMenu/L_MainMenu.L_MainMenu:PersistentLevel.L_MainMenu'
[2018.04.04-18.43.56:829][339]LogSlate: Window 'Menu_Play*' being destroyed
[2018.04.04-18.44.47:836][685]LogSlate: Took 0.009884 seconds to synchronously load lazily loaded font '../../../Engine/Content/Slate/Fonts/Roboto-Italic.ttf' (157K)
[2018.04.04-18.44.54:558][ 30]BlueprintLog: New page: Compile MainMenu
[2018.04.04-18.44.56:006][ 96]LogTemp: Repeating last play command: Selected Viewport
[2018.04.04-18.44.56:052][ 96]LogBlueprintUserMessages: Early PlayInEditor Detection: Level '/Game/Levels/MainMenu/L_MainMenu.L_MainMenu:PersistentLevel' has LevelScriptBlueprint '/Game/Levels/MainMenu/L_MainMenu.L_MainMenu:PersistentLevel.L_MainMenu' with GeneratedClass '/Game/Levels/MainMenu/L_MainMenu.L_MainMenu_C' with ClassGeneratedBy '/Game/Levels/MainMenu/L_MainMenu.L_MainMenu:PersistentLevel.L_MainMenu'
[2018.04.04-18.44.56:052][ 96]LogPlayLevel: PlayLevel: No blueprints needed recompiling
[2018.04.04-18.44.56:052][ 96]PIE: New page: PIE session: L_MainMenu (Apr 4, 2018, 4:44:56 AM)
[2018.04.04-18.44.56:052][ 96]LogPlayLevel: Creating play world package: /Game/Levels/MainMenu/UEDPIE_0_L_MainMenu
[2018.04.04-18.44.56:054][ 96]LogPlayLevel: PIE: StaticDuplicateObject took: (0.001714s)
[2018.04.04-18.44.56:055][ 96]LogAIModule: Creating AISystem for world L_MainMenu
[2018.04.04-18.44.56:055][ 96]LogPlayLevel: PIE: World Init took: (0.001013s)
[2018.04.04-18.44.56:055][ 96]LogPlayLevel: PIE: Created PIE world by copying editor world from /Game/Levels/MainMenu/L_MainMenu.L_MainMenu to /Game/Levels/MainMenu/UEDPIE_0_L_MainMenu.L_MainMenu (0.002899s)
[2018.04.04-18.44.56:097][ 96]LogInit: XAudio2 using 'Headset Earphone (4- ASTRO MixAmp Pro           )' : 2 channels at 48 kHz using 16 bits per sample (channel mask 0x3)
[2018.04.04-18.44.56:109][ 96]LogInit: FAudioDevice initialized.
[2018.04.04-18.44.56:150][ 96]LogLoad: Game class is 'GM_MainMenu_C'
[2018.04.04-18.44.56:152][ 96]LogWorld: Bringing World /Game/Levels/MainMenu/UEDPIE_0_L_MainMenu.L_MainMenu up for play (max tick rate 0) at 2018.04.04-11.44.56
[2018.04.04-18.44.56:152][ 96]LogWorld: Bringing up level for play took: 0.000752
[2018.04.04-18.44.56:153][ 96]LogGameMode: Display: Match State Changed from EnteringMap to WaitingToStart
[2018.04.04-18.44.56:153][ 96]LogGameState: Match State Changed from EnteringMap to WaitingToStart
[2018.04.04-18.44.56:154][ 96]LogGameMode: Display: Match State Changed from WaitingToStart to InProgress
[2018.04.04-18.44.56:156][ 96]LogGameState: Match State Changed from WaitingToStart to InProgress
[2018.04.04-18.44.56:156][ 96]PIE: Play in editor start time for /Game/Levels/MainMenu/UEDPIE_0_L_MainMenu 0.165
[2018.04.04-18.44.56:157][ 96]LogBlueprintUserMessages: Late PlayInEditor Detection: Level '/Game/Levels/MainMenu/L_MainMenu.L_MainMenu:PersistentLevel' has LevelScriptBlueprint '/Game/Levels/MainMenu/L_MainMenu.L_MainMenu:PersistentLevel.L_MainMenu' with GeneratedClass '/Game/Levels/MainMenu/L_MainMenu.L_MainMenu_C' with ClassGeneratedBy '/Game/Levels/MainMenu/L_MainMenu.L_MainMenu:PersistentLevel.L_MainMenu'
[2018.04.04-18.44.58:773][233]LogSlate: Window 'MainMenu*' being destroyed
[2018.04.04-18.45.28:286][654]LogBlueprintUserMessages: Early EndPlayMap Detection: Level '/Game/Levels/MainMenu/L_MainMenu.L_MainMenu:PersistentLevel' has LevelScriptBlueprint '/Game/Levels/MainMenu/L_MainMenu.L_MainMenu:PersistentLevel.L_MainMenu' with GeneratedClass '/Game/Levels/MainMenu/L_MainMenu.L_MainMenu_C' with ClassGeneratedBy '/Game/Levels/MainMenu/L_MainMenu.L_MainMenu:PersistentLevel.L_MainMenu'
[2018.04.04-18.45.28:348][654]LogBlueprintUserMessages: Late EndPlayMap Detection: Level '/Game/Levels/MainMenu/L_MainMenu.L_MainMenu:PersistentLevel' has LevelScriptBlueprint '/Game/Levels/MainMenu/L_MainMenu.L_MainMenu:PersistentLevel.L_MainMenu' with GeneratedClass '/Game/Levels/MainMenu/L_MainMenu.L_MainMenu_C' with ClassGeneratedBy '/Game/Levels/MainMenu/L_MainMenu.L_MainMenu:PersistentLevel.L_MainMenu'
[2018.04.04-18.48.48:081][115]LogFileHelpers: Editor autosave (incl. sublevels) for '/Game/Levels/MainMenu/L_MainMenu' took 0.063
[2018.04.04-18.48.48:084][115]OBJ SavePackage: Generating thumbnails for [0] asset(s) in package [/Game/Levels/MainMenu/MainMenu] ([1] browsable assets)...
[2018.04.04-18.48.48:084][115]OBJ SavePackage: Finished generating thumbnails for package [/Game/Levels/MainMenu/MainMenu]
[2018.04.04-18.48.48:169][115]LogSavePackage: Save=59.83ms
[2018.04.04-18.48.48:169][115]LogSavePackage: Moving 'D:/Users/Kenneth/Documents/GitHub/GameProject2/DnD/Saved/MainMenu_Auto2EA13FB8B4BC33AF183FFD5ADE6FDABE4.tmp' to 'D:/Users/Kenneth/Documents/GitHub/GameProject2/DnD/Saved/Autosaves/Game/Levels/MainMenu/MainMenu_Auto2.uasset'
[2018.04.04-18.48.48:173][115]LogSavePackage: Display: Finished SavePackage D:/Users/Kenneth/Documents/GitHub/GameProject2/DnD/Saved/Autosaves/Game/Levels/MainMenu/MainMenu_Auto2.uasset
[2018.04.04-18.48.48:177][115]OBJ SavePackage: Generating thumbnails for [0] asset(s) in package [/Game/Levels/MainMenu/Menu_Play] ([1] browsable assets)...
[2018.04.04-18.48.48:177][115]OBJ SavePackage: Finished generating thumbnails for package [/Game/Levels/MainMenu/Menu_Play]
[2018.04.04-18.48.48:232][115]LogSavePackage: Save=27.53ms
[2018.04.04-18.48.48:232][115]LogSavePackage: Moving 'D:/Users/Kenneth/Documents/GitHub/GameProject2/DnD/Saved/Menu_Play_Auto2D0C12AED499A6B873FF6B995EDD5C2A1.tmp' to 'D:/Users/Kenneth/Documents/GitHub/GameProject2/DnD/Saved/Autosaves/Game/Levels/MainMenu/Menu_Play_Auto2.uasset'
[2018.04.04-18.48.48:239][115]LogSavePackage: Display: Finished SavePackage D:/Users/Kenneth/Documents/GitHub/GameProject2/DnD/Saved/Autosaves/Game/Levels/MainMenu/Menu_Play_Auto2.uasset
[2018.04.04-18.48.48:239][115]LogFileHelpers: Auto-saving content packages took 0.157
